<?xml version="1.0" encoding="UTF-8"?>
<!-- Generated by org.testng.reporters.JUnitReportReporter -->
<testsuite hostname="KO1D1042-KMOON" failures="0" tests="1" name="test1" time="0.011" errors="0" timestamp="12 6ì›” 2019 07:01:35 GMT" skipped="0">
  <testcase classname="test1" name="Test1" time="0.011"/>
</testsuite> <!-- test1 -->
