<?xml version="1.0" encoding="UTF-8"?>
<!-- Generated by org.testng.reporters.JUnitReportReporter -->
<testsuite hostname="KO1D1042-KMOON" failures="0" tests="1" name="com.swarm.automation.swarm.test.Ken_Test" time="28.179" errors="0" timestamp="28 5ì›” 2019 07:45:40 GMT" skipped="0">
  <testcase classname="com.swarm.automation.swarm.test.Ken_Test" name="Ken_Test_Case_Switch" time="28.179"/>
</testsuite> <!-- com.swarm.automation.swarm.test.Ken_Test -->
