<?xml version="1.0" encoding="UTF-8"?>
<!-- Generated by org.testng.reporters.JUnitReportReporter -->
<testsuite skipped="0" hostname="KO1D1042-KMOON" name="com.swarm.automation.swarm.test.SwarmMuiltiTestCase" tests="1" failures="0" timestamp="17 6ì›” 2019 03:39:58 GMT" time="0.004" errors="0">
  <testcase name="testMethodOne" time="0.004" classname="com.swarm.automation.swarm.test.SwarmMuiltiTestCase"/>
</testsuite> <!-- com.swarm.automation.swarm.test.SwarmMuiltiTestCase -->
